<?xml version="1.0" encoding="UTF-8"?>
<testsuite xmlns:xsi="http://www.w3.org/2001/XMLSchema-instance" xsi:noNamespaceSchemaLocation="https://maven.apache.org/surefire/maven-surefire-plugin/xsd/surefire-test-report.xsd" name="fil.car.UserTest" time="1.234" tests="12" errors="0" skipped="0" failures="0">
  <properties>
    <property name="sun.desktop" value="gnome"/>
    <property name="awt.toolkit" value="sun.awt.X11.XToolkit"/>
    <property name="java.specification.version" value="11"/>
    <property name="sun.cpu.isalist" value=""/>
    <property name="sun.jnu.encoding" value="UTF-8"/>
    <property name="java.class.path" value="/home/nassim/Bureau/github/FTP-Server/target/test-classes:/home/nassim/Bureau/github/FTP-Server/target/classes:/home/nassim/.m2/repository/junit/junit/4.11/junit-4.11.jar:/home/nassim/.m2/repository/org/hamcrest/hamcrest-core/1.3/hamcrest-core-1.3.jar:/home/nassim/.m2/repository/org/mockito/mockito-core/2.22.0/mockito-core-2.22.0.jar:/home/nassim/.m2/repository/net/bytebuddy/byte-buddy/1.8.21/byte-buddy-1.8.21.jar:/home/nassim/.m2/repository/net/bytebuddy/byte-buddy-agent/1.8.21/byte-buddy-agent-1.8.21.jar:/home/nassim/.m2/repository/org/objenesis/objenesis/2.6/objenesis-2.6.jar:"/>
    <property name="java.vm.vendor" value="Private Build"/>
    <property name="sun.arch.data.model" value="64"/>
    <property name="java.vendor.url" value="Unknown"/>
    <property name="user.timezone" value=""/>
    <property name="java.vm.specification.version" value="11"/>
    <property name="os.name" value="Linux"/>
    <property name="sun.java.launcher" value="SUN_STANDARD"/>
    <property name="user.country" value="FR"/>
    <property name="sun.boot.library.path" value="/usr/lib/jvm/java-11-openjdk-amd64/lib"/>
    <property name="sun.java.command" value="/home/nassim/Bureau/github/FTP-Server/target/surefire/surefirebooter10075611406280341378.jar /home/nassim/Bureau/github/FTP-Server/target/surefire 2020-02-25T03-46-20_184-jvmRun1 surefire5663046232768370220tmp surefire_0571208947448999314tmp"/>
    <property name="jdk.debug" value="release"/>
    <property name="surefire.test.class.path" value="/home/nassim/Bureau/github/FTP-Server/target/test-classes:/home/nassim/Bureau/github/FTP-Server/target/classes:/home/nassim/.m2/repository/junit/junit/4.11/junit-4.11.jar:/home/nassim/.m2/repository/org/hamcrest/hamcrest-core/1.3/hamcrest-core-1.3.jar:/home/nassim/.m2/repository/org/mockito/mockito-core/2.22.0/mockito-core-2.22.0.jar:/home/nassim/.m2/repository/net/bytebuddy/byte-buddy/1.8.21/byte-buddy-1.8.21.jar:/home/nassim/.m2/repository/net/bytebuddy/byte-buddy-agent/1.8.21/byte-buddy-agent-1.8.21.jar:/home/nassim/.m2/repository/org/objenesis/objenesis/2.6/objenesis-2.6.jar:"/>
    <property name="sun.cpu.endian" value="little"/>
    <property name="user.home" value="/home/nassim"/>
    <property name="user.language" value="fr"/>
    <property name="java.specification.vendor" value="Oracle Corporation"/>
    <property name="java.version.date" value="2019-10-15"/>
    <property name="java.home" value="/usr/lib/jvm/java-11-openjdk-amd64"/>
    <property name="file.separator" value="/"/>
    <property name="basedir" value="/home/nassim/Bureau/github/FTP-Server"/>
    <property name="java.vm.compressedOopsMode" value="32-bit"/>
    <property name="line.separator" value="&#10;"/>
    <property name="java.specification.name" value="Java Platform API Specification"/>
    <property name="java.vm.specification.vendor" value="Oracle Corporation"/>
    <property name="java.awt.graphicsenv" value="sun.awt.X11GraphicsEnvironment"/>
    <property name="surefire.real.class.path" value="/home/nassim/Bureau/github/FTP-Server/target/surefire/surefirebooter10075611406280341378.jar"/>
    <property name="sun.management.compiler" value="HotSpot 64-Bit Tiered Compilers"/>
    <property name="java.runtime.version" value="11.0.5+10-post-Ubuntu-0ubuntu1.119.04"/>
    <property name="user.name" value="nassim"/>
    <property name="path.separator" value=":"/>
    <property name="os.version" value="5.0.0-38-generic"/>
    <property name="java.runtime.name" value="OpenJDK Runtime Environment"/>
    <property name="file.encoding" value="UTF-8"/>
    <property name="java.vm.name" value="OpenJDK 64-Bit Server VM"/>
    <property name="localRepository" value="/home/nassim/.m2/repository"/>
    <property name="java.vendor.url.bug" value="Unknown"/>
    <property name="java.io.tmpdir" value="/tmp"/>
    <property name="java.version" value="11.0.5"/>
    <property name="user.dir" value="/home/nassim/Bureau/github/FTP-Server"/>
    <property name="os.arch" value="amd64"/>
    <property name="java.vm.specification.name" value="Java Virtual Machine Specification"/>
    <property name="java.awt.printerjob" value="sun.print.PSPrinterJob"/>
    <property name="sun.os.patch.level" value="unknown"/>
    <property name="java.library.path" value="/usr/java/packages/lib:/usr/lib/x86_64-linux-gnu/jni:/lib/x86_64-linux-gnu:/usr/lib/x86_64-linux-gnu:/usr/lib/jni:/lib:/usr/lib"/>
    <property name="java.vendor" value="Private Build"/>
    <property name="java.vm.info" value="mixed mode, sharing"/>
    <property name="java.vm.version" value="11.0.5+10-post-Ubuntu-0ubuntu1.119.04"/>
    <property name="sun.io.unicode.encoding" value="UnicodeLittle"/>
    <property name="java.class.version" value="55.0"/>
  </properties>
  <testcase name="shouldAnswerWithFailureCWD" classname="fil.car.UserTest" time="1.208"/>
  <testcase name="shouldAnswerWithFailureLIST" classname="fil.car.UserTest" time="0.001"/>
  <testcase name="shouldAnswerWithFailureQuit" classname="fil.car.UserTest" time="0.001"/>
  <testcase name="shouldAnswerWithFailureUser" classname="fil.car.UserTest" time="0.006"/>
  <testcase name="shouldAnswerWithFailureUserPassword" classname="fil.car.UserTest" time="0.002"/>
  <testcase name="shouldAnswerWithFailurePassword" classname="fil.car.UserTest" time="0.002"/>
  <testcase name="shouldAnswerWithSuccessCDUP" classname="fil.car.UserTest" time="0.001"/>
  <testcase name="shouldAnswerWithSuccessPASV" classname="fil.car.UserTest" time="0.002"/>
  <testcase name="shouldAnswerWithSuccessQuit" classname="fil.car.UserTest" time="0"/>
  <testcase name="shouldAnswerWithSuccessCWD" classname="fil.car.UserTest" time="0.001"/>
  <testcase name="shouldAnswerWithSuccessPWD" classname="fil.car.UserTest" time="0.001"/>
  <testcase name="shouldAnswerWithSuccess" classname="fil.car.UserTest" time="0.002"/>
</testsuite>